# JRE version: Java(TM) SE Runtime Environment (8.0_121-b13) (build 1.8.0_121-b13)
# Java VM: Java HotSpot(TM) 64-Bit Server VM (25.121-b13 mixed mode linux-amd64 compressed oops)
Heap:
 def new generation   total 74048K, used 0K [0x0000000080000000, 0x0000000085050000, 0x00000000aaaa0000)
  eden space 65856K,   0% used [0x0000000080000000, 0x0000000080000000, 0x0000000084050000)
  from space 8192K,   0% used [0x0000000084050000, 0x0000000084050000, 0x0000000084850000)
  to   space 8192K,   0% used [0x0000000084850000, 0x0000000084850000, 0x0000000085050000)
 tenured generation   total 164936K, used 136495K [0x00000000aaaa0000, 0x00000000b4bb2000, 0x0000000100000000)
   the space 164936K,  82% used [0x00000000aaaa0000, 0x00000000b2febf10, 0x00000000b2fec000, 0x00000000b4bb2000)
 Metaspace       used 53604K, capacity 55160K, committed 55424K, reserved 1097728K
  class space    used 7155K, capacity 7541K, committed 7552K, reserved 1048576K
GC Heap History (10 events):
Event: 50.497 GC heap after
Heap after GC invocations=96 (full 7):
 def new generation   total 74048K, used 8192K [0x0000000080000000, 0x0000000085050000, 0x00000000aaaa0000)
  eden space 65856K,   0% used [0x0000000080000000, 0x0000000080000000, 0x0000000084050000)
  from space 8192K, 100% used [0x0000000084850000, 0x0000000085050000, 0x0000000085050000)
  to   space 8192K,   0% used [0x0000000084050000, 0x0000000084050000, 0x0000000084850000)
 tenured generation   total 164168K, used 117681K [0x00000000aaaa0000, 0x00000000b4af2000, 0x0000000100000000)
   the space 164168K,  71% used [0x00000000aaaa0000, 0x00000000b1d8c630, 0x00000000b1d8c800, 0x00000000b4af2000)
 Metaspace       used 53564K, capacity 55160K, committed 55424K, reserved 1097728K
  class space    used 7154K, capacity 7541K, committed 7552K, reserved 1048576K
}
Event: 51.086 GC heap before
{Heap before GC invocations=96 (full 7):
 def new generation   total 74048K, used 74048K [0x0000000080000000, 0x0000000085050000, 0x00000000aaaa0000)
  eden space 65856K, 100% used [0x0000000080000000, 0x0000000084050000, 0x0000000084050000)
  from space 8192K, 100% used [0x0000000084850000, 0x0000000085050000, 0x0000000085050000)
  to   space 8192K,   0% used [0x0000000084050000, 0x0000000084050000, 0x0000000084850000)
 tenured generation   total 164168K, used 117681K [0x00000000aaaa0000, 0x00000000b4af2000, 0x0000000100000000)
   the space 164168K,  71% used [0x00000000aaaa0000, 0x00000000b1d8c630, 0x00000000b1d8c800, 0x00000000b4af2000)
 Metaspace       used 53568K, capacity 55160K, committed 55424K, reserved 1097728K
  class space    used 7154K, capacity 7541K, committed 7552K, reserved 1048576K
Event: 51.179 GC heap after
Heap after GC invocations=97 (full 7):
 def new generation   total 74048K, used 8191K [0x0000000080000000, 0x0000000085050000, 0x00000000aaaa0000)
  eden space 65856K,   0% used [0x0000000080000000, 0x0000000080000000, 0x0000000084050000)
  from space 8192K,  99% used [0x0000000084050000, 0x000000008484fff8, 0x0000000084850000)
  to   space 8192K,   0% used [0x0000000084850000, 0x0000000084850000, 0x0000000085050000)
 tenured generation   total 164168K, used 127564K [0x00000000aaaa0000, 0x00000000b4af2000, 0x0000000100000000)
   the space 164168K,  77% used [0x00000000aaaa0000, 0x00000000b2733218, 0x00000000b2733400, 0x00000000b4af2000)
 Metaspace       used 53568K, capacity 55160K, committed 55424K, reserved 1097728K
  class space    used 7154K, capacity 7541K, committed 7552K, reserved 1048576K
}
Event: 51.618 GC heap before
{Heap before GC invocations=97 (full 7):
 def new generation   total 74048K, used 74047K [0x0000000080000000, 0x0000000085050000, 0x00000000aaaa0000)
  eden space 65856K, 100% used [0x0000000080000000, 0x0000000084050000, 0x0000000084050000)
  from space 8192K,  99% used [0x0000000084050000, 0x000000008484fff8, 0x0000000084850000)
  to   space 8192K,   0% used [0x0000000084850000, 0x0000000084850000, 0x0000000085050000)
 tenured generation   total 164168K, used 127564K [0x00000000aaaa0000, 0x00000000b4af2000, 0x0000000100000000)
   the space 164168K,  77% used [0x00000000aaaa0000, 0x00000000b2733218, 0x00000000b2733400, 0x00000000b4af2000)
 Metaspace       used 53570K, capacity 55160K, committed 55424K, reserved 1097728K
  class space    used 7154K, capacity 7541K, committed 7552K, reserved 1048576K
Event: 51.702 GC heap after
Heap after GC invocations=98 (full 7):
 def new generation   total 74048K, used 8192K [0x0000000080000000, 0x0000000085050000, 0x00000000aaaa0000)
  eden space 65856K,   0% used [0x0000000080000000, 0x0000000080000000, 0x0000000084050000)
  from space 8192K, 100% used [0x0000000084850000, 0x0000000085050000, 0x0000000085050000)
  to   space 8192K,   0% used [0x0000000084050000, 0x0000000084050000, 0x0000000084850000)
 tenured generation   total 164168K, used 135653K [0x00000000aaaa0000, 0x00000000b4af2000, 0x0000000100000000)
   the space 164168K,  82% used [0x00000000aaaa0000, 0x00000000b2f194e8, 0x00000000b2f19600, 0x00000000b4af2000)
 Metaspace       used 53570K, capacity 55160K, committed 55424K, reserved 1097728K
  class space    used 7154K, capacity 7541K, committed 7552K, reserved 1048576K
}
Event: 52.758 GC heap before
{Heap before GC invocations=98 (full 7):
 def new generation   total 74048K, used 74048K [0x0000000080000000, 0x0000000085050000, 0x00000000aaaa0000)
  eden space 65856K, 100% used [0x0000000080000000, 0x0000000084050000, 0x0000000084050000)
  from space 8192K, 100% used [0x0000000084850000, 0x0000000085050000, 0x0000000085050000)
  to   space 8192K,   0% used [0x0000000084050000, 0x0000000084050000, 0x0000000084850000)
 tenured generation   total 164168K, used 135653K [0x00000000aaaa0000, 0x00000000b4af2000, 0x0000000100000000)
   the space 164168K,  82% used [0x00000000aaaa0000, 0x00000000b2f194e8, 0x00000000b2f19600, 0x00000000b4af2000)
 Metaspace       used 53596K, capacity 55160K, committed 55424K, reserved 1097728K
  class space    used 7155K, capacity 7541K, committed 7552K, reserved 1048576K
Event: 52.894 GC heap after
Heap after GC invocations=99 (full 7):
 def new generation   total 74048K, used 8191K [0x0000000080000000, 0x0000000085050000, 0x00000000aaaa0000)
  eden space 65856K,   0% used [0x0000000080000000, 0x0000000080000000, 0x0000000084050000)
  from space 8192K,  99% used [0x0000000084050000, 0x000000008484fff8, 0x0000000084850000)
  to   space 8192K,   0% used [0x0000000084850000, 0x0000000084850000, 0x0000000085050000)
 tenured generation   total 164168K, used 143611K [0x00000000aaaa0000, 0x00000000b4af2000, 0x0000000100000000)
   the space 164168K,  87% used [0x00000000aaaa0000, 0x00000000b36def40, 0x00000000b36df000, 0x00000000b4af2000)
 Metaspace       used 53596K, capacity 55160K, committed 55424K, reserved 1097728K
  class space    used 7155K, capacity 7541K, committed 7552K, reserved 1048576K
}
Event: 53.354 GC heap before
{Heap before GC invocations=99 (full 7):
 def new generation   total 74048K, used 74047K [0x0000000080000000, 0x0000000085050000, 0x00000000aaaa0000)
  eden space 65856K, 100% used [0x0000000080000000, 0x0000000084050000, 0x0000000084050000)
  from space 8192K,  99% used [0x0000000084050000, 0x000000008484fff8, 0x0000000084850000)
  to   space 8192K,   0% used [0x0000000084850000, 0x0000000084850000, 0x0000000085050000)
 tenured generation   total 164168K, used 143611K [0x00000000aaaa0000, 0x00000000b4af2000, 0x0000000100000000)
   the space 164168K,  87% used [0x00000000aaaa0000, 0x00000000b36def40, 0x00000000b36df000, 0x00000000b4af2000)
 Metaspace       used 53602K, capacity 55160K, committed 55424K, reserved 1097728K
  class space    used 7155K, capacity 7541K, committed 7552K, reserved 1048576K
Event: 53.464 GC heap after
Heap after GC invocations=100 (full 7):
 def new generation   total 74048K, used 8192K [0x0000000080000000, 0x0000000085050000, 0x00000000aaaa0000)
  eden space 65856K,   0% used [0x0000000080000000, 0x0000000080000000, 0x0000000084050000)
  from space 8192K, 100% used [0x0000000084850000, 0x0000000085050000, 0x0000000085050000)
  to   space 8192K,   0% used [0x0000000084050000, 0x0000000084050000, 0x0000000084850000)
 tenured generation   total 164168K, used 153936K [0x00000000aaaa0000, 0x00000000b4af2000, 0x0000000100000000)
   the space 164168K,  93% used [0x00000000aaaa0000, 0x00000000b40f41d0, 0x00000000b40f4200, 0x00000000b4af2000)
 Metaspace       used 53602K, capacity 55160K, committed 55424K, reserved 1097728K
  class space    used 7155K, capacity 7541K, committed 7552K, reserved 1048576K
}
Event: 53.950 GC heap before
{Heap before GC invocations=100 (full 7):
 def new generation   total 74048K, used 74048K [0x0000000080000000, 0x0000000085050000, 0x00000000aaaa0000)
  eden space 65856K, 100% used [0x0000000080000000, 0x0000000084050000, 0x0000000084050000)
  from space 8192K, 100% used [0x0000000084850000, 0x0000000085050000, 0x0000000085050000)
  to   space 8192K,   0% used [0x0000000084050000, 0x0000000084050000, 0x0000000084850000)
 tenured generation   total 164168K, used 153936K [0x00000000aaaa0000, 0x00000000b4af2000, 0x0000000100000000)
   the space 164168K,  93% used [0x00000000aaaa0000, 0x00000000b40f41d0, 0x00000000b40f4200, 0x00000000b4af2000)
 Metaspace       used 53604K, capacity 55160K, committed 55424K, reserved 1097728K
  class space    used 7155K, capacity 7541K, committed 7552K, reserved 1048576K

