# JRE version: Java(TM) SE Runtime Environment (8.0_121-b13) (build 1.8.0_121-b13)
# Java VM: Java HotSpot(TM) 64-Bit Server VM (25.121-b13 mixed mode linux-amd64 compressed oops)
Heap:
 def new generation   total 80064K, used 0K [0x0000000080000000, 0x00000000856d0000, 0x00000000aaaa0000)
  eden space 71232K,   0% used [0x0000000080000000, 0x0000000080000000, 0x0000000084590000)
  from space 8832K,   0% used [0x0000000084e30000, 0x0000000084e30000, 0x00000000856d0000)
  to   space 8832K,   0% used [0x0000000084590000, 0x0000000084590000, 0x0000000084e30000)
 tenured generation   total 187572K, used 135012K [0x00000000aaaa0000, 0x00000000b61cd000, 0x0000000100000000)
   the space 187572K,  71% used [0x00000000aaaa0000, 0x00000000b2e79120, 0x00000000b2e79200, 0x00000000b61cd000)
 Metaspace       used 66350K, capacity 68934K, committed 69248K, reserved 1110016K
  class space    used 8479K, capacity 9004K, committed 9088K, reserved 1048576K
GC Heap History (10 events):
Event: 998.511 GC heap after
Heap after GC invocations=118 (full 9):
 def new generation   total 80064K, used 8831K [0x0000000080000000, 0x00000000856d0000, 0x00000000aaaa0000)
  eden space 71232K,   0% used [0x0000000080000000, 0x0000000080000000, 0x0000000084590000)
  from space 8832K,  99% used [0x0000000084590000, 0x0000000084e2fff8, 0x0000000084e30000)
  to   space 8832K,   0% used [0x0000000084e30000, 0x0000000084e30000, 0x00000000856d0000)
 tenured generation   total 177396K, used 139850K [0x00000000aaaa0000, 0x00000000b57dd000, 0x0000000100000000)
   the space 177396K,  78% used [0x00000000aaaa0000, 0x00000000b3332978, 0x00000000b3332a00, 0x00000000b57dd000)
 Metaspace       used 66306K, capacity 68870K, committed 68992K, reserved 1110016K
  class space    used 8478K, capacity 9004K, committed 9088K, reserved 1048576K
}
Event: 998.944 GC heap before
{Heap before GC invocations=118 (full 9):
 def new generation   total 80064K, used 80063K [0x0000000080000000, 0x00000000856d0000, 0x00000000aaaa0000)
  eden space 71232K, 100% used [0x0000000080000000, 0x0000000084590000, 0x0000000084590000)
  from space 8832K,  99% used [0x0000000084590000, 0x0000000084e2fff8, 0x0000000084e30000)
  to   space 8832K,   0% used [0x0000000084e30000, 0x0000000084e30000, 0x00000000856d0000)
 tenured generation   total 177396K, used 139850K [0x00000000aaaa0000, 0x00000000b57dd000, 0x0000000100000000)
   the space 177396K,  78% used [0x00000000aaaa0000, 0x00000000b3332978, 0x00000000b3332a00, 0x00000000b57dd000)
 Metaspace       used 66308K, capacity 68870K, committed 68992K, reserved 1110016K
  class space    used 8478K, capacity 9004K, committed 9088K, reserved 1048576K
Event: 999.090 GC heap after
Heap after GC invocations=119 (full 9):
 def new generation   total 80064K, used 8831K [0x0000000080000000, 0x00000000856d0000, 0x00000000aaaa0000)
  eden space 71232K,   0% used [0x0000000080000000, 0x0000000080000000, 0x0000000084590000)
  from space 8832K,  99% used [0x0000000084e30000, 0x00000000856cfff8, 0x00000000856d0000)
  to   space 8832K,   0% used [0x0000000084590000, 0x0000000084590000, 0x0000000084e30000)
 tenured generation   total 177396K, used 149293K [0x00000000aaaa0000, 0x00000000b57dd000, 0x0000000100000000)
   the space 177396K,  84% used [0x00000000aaaa0000, 0x00000000b3c6b4e0, 0x00000000b3c6b600, 0x00000000b57dd000)
 Metaspace       used 66308K, capacity 68870K, committed 68992K, reserved 1110016K
  class space    used 8478K, capacity 9004K, committed 9088K, reserved 1048576K
}
Event: 999.576 GC heap before
{Heap before GC invocations=119 (full 9):
 def new generation   total 80064K, used 80063K [0x0000000080000000, 0x00000000856d0000, 0x00000000aaaa0000)
  eden space 71232K, 100% used [0x0000000080000000, 0x0000000084590000, 0x0000000084590000)
  from space 8832K,  99% used [0x0000000084e30000, 0x00000000856cfff8, 0x00000000856d0000)
  to   space 8832K,   0% used [0x0000000084590000, 0x0000000084590000, 0x0000000084e30000)
 tenured generation   total 177396K, used 149293K [0x00000000aaaa0000, 0x00000000b57dd000, 0x0000000100000000)
   the space 177396K,  84% used [0x00000000aaaa0000, 0x00000000b3c6b4e0, 0x00000000b3c6b600, 0x00000000b57dd000)
 Metaspace       used 66311K, capacity 68870K, committed 68992K, reserved 1110016K
  class space    used 8478K, capacity 9004K, committed 9088K, reserved 1048576K
Event: 999.826 GC heap after
Heap after GC invocations=120 (full 9):
 def new generation   total 80064K, used 8832K [0x0000000080000000, 0x00000000856d0000, 0x00000000aaaa0000)
  eden space 71232K,   0% used [0x0000000080000000, 0x0000000080000000, 0x0000000084590000)
  from space 8832K, 100% used [0x0000000084590000, 0x0000000084e30000, 0x0000000084e30000)
  to   space 8832K,   0% used [0x0000000084e30000, 0x0000000084e30000, 0x00000000856d0000)
 tenured generation   total 177396K, used 159071K [0x00000000aaaa0000, 0x00000000b57dd000, 0x0000000100000000)
   the space 177396K,  89% used [0x00000000aaaa0000, 0x00000000b45f7cc8, 0x00000000b45f7e00, 0x00000000b57dd000)
 Metaspace       used 66311K, capacity 68870K, committed 68992K, reserved 1110016K
  class space    used 8478K, capacity 9004K, committed 9088K, reserved 1048576K
}
Event: 1000.318 GC heap before
{Heap before GC invocations=120 (full 9):
 def new generation   total 80064K, used 80064K [0x0000000080000000, 0x00000000856d0000, 0x00000000aaaa0000)
  eden space 71232K, 100% used [0x0000000080000000, 0x0000000084590000, 0x0000000084590000)
  from space 8832K, 100% used [0x0000000084590000, 0x0000000084e30000, 0x0000000084e30000)
  to   space 8832K,   0% used [0x0000000084e30000, 0x0000000084e30000, 0x00000000856d0000)
 tenured generation   total 177396K, used 159071K [0x00000000aaaa0000, 0x00000000b57dd000, 0x0000000100000000)
   the space 177396K,  89% used [0x00000000aaaa0000, 0x00000000b45f7cc8, 0x00000000b45f7e00, 0x00000000b57dd000)
 Metaspace       used 66318K, capacity 68870K, committed 68992K, reserved 1110016K
  class space    used 8478K, capacity 9004K, committed 9088K, reserved 1048576K
Event: 1000.421 GC heap after
Heap after GC invocations=121 (full 9):
 def new generation   total 80064K, used 8831K [0x0000000080000000, 0x00000000856d0000, 0x00000000aaaa0000)
  eden space 71232K,   0% used [0x0000000080000000, 0x0000000080000000, 0x0000000084590000)
  from space 8832K,  99% used [0x0000000084e30000, 0x00000000856cfff8, 0x00000000856d0000)
  to   space 8832K,   0% used [0x0000000084590000, 0x0000000084590000, 0x0000000084e30000)
 tenured generation   total 177396K, used 168739K [0x00000000aaaa0000, 0x00000000b57dd000, 0x0000000100000000)
   the space 177396K,  95% used [0x00000000aaaa0000, 0x00000000b4f68de8, 0x00000000b4f68e00, 0x00000000b57dd000)
 Metaspace       used 66318K, capacity 68870K, committed 68992K, reserved 1110016K
  class space    used 8478K, capacity 9004K, committed 9088K, reserved 1048576K
}
Event: 1001.378 GC heap before
{Heap before GC invocations=121 (full 9):
 def new generation   total 80064K, used 80063K [0x0000000080000000, 0x00000000856d0000, 0x00000000aaaa0000)
  eden space 71232K, 100% used [0x0000000080000000, 0x0000000084590000, 0x0000000084590000)
  from space 8832K,  99% used [0x0000000084e30000, 0x00000000856cfff8, 0x00000000856d0000)
  to   space 8832K,   0% used [0x0000000084590000, 0x0000000084590000, 0x0000000084e30000)
 tenured generation   total 177396K, used 168739K [0x00000000aaaa0000, 0x00000000b57dd000, 0x0000000100000000)
   the space 177396K,  95% used [0x00000000aaaa0000, 0x00000000b4f68de8, 0x00000000b4f68e00, 0x00000000b57dd000)
 Metaspace       used 66327K, capacity 68870K, committed 68992K, reserved 1110016K
  class space    used 8478K, capacity 9004K, committed 9088K, reserved 1048576K
Event: 1001.609 GC heap after
Heap after GC invocations=122 (full 9):
 def new generation   total 80064K, used 8831K [0x0000000080000000, 0x00000000856d0000, 0x00000000aaaa0000)
  eden space 71232K,   0% used [0x0000000080000000, 0x0000000080000000, 0x0000000084590000)
  from space 8832K,  99% used [0x0000000084590000, 0x0000000084e2fff8, 0x0000000084e30000)
  to   space 8832K,   0% used [0x0000000084e30000, 0x0000000084e30000, 0x00000000856d0000)
 tenured generation   total 177396K, used 176886K [0x00000000aaaa0000, 0x00000000b57dd000, 0x0000000100000000)
   the space 177396K,  99% used [0x00000000aaaa0000, 0x00000000b575d9c8, 0x00000000b575da00, 0x00000000b57dd000)
 Metaspace       used 66327K, capacity 68870K, committed 68992K, reserved 1110016K
  class space    used 8478K, capacity 9004K, committed 9088K, reserved 1048576K
}
Event: 1003.176 GC heap before
{Heap before GC invocations=122 (full 9):
 def new generation   total 80064K, used 80063K [0x0000000080000000, 0x00000000856d0000, 0x00000000aaaa0000)
  eden space 71232K, 100% used [0x0000000080000000, 0x0000000084590000, 0x0000000084590000)
  from space 8832K,  99% used [0x0000000084590000, 0x0000000084e2fff8, 0x0000000084e30000)
  to   space 8832K,   0% used [0x0000000084e30000, 0x0000000084e30000, 0x00000000856d0000)
 tenured generation   total 177396K, used 176886K [0x00000000aaaa0000, 0x00000000b57dd000, 0x0000000100000000)
   the space 177396K,  99% used [0x00000000aaaa0000, 0x00000000b575d9c8, 0x00000000b575da00, 0x00000000b57dd000)
 Metaspace       used 66350K, capacity 68934K, committed 69248K, reserved 1110016K
  class space    used 8479K, capacity 9004K, committed 9088K, reserved 1048576K

